<?xml version="1.0" encoding="UTF-8"?>
<!-- Generated by org.testng.reporters.JUnitXMLReporter -->
<testsuite ignored="0" hostname="Sanjai" failures="0" tests="9" name="Default test" time="78.054" errors="0" timestamp="2023-10-26T14:39:09 IST">
  <testcase classname="com.test.ApplicationUnderTest" name="login" time="2.342"/>
  <testcase classname="com.test.ApplicationUnderTest" name="dashboard" time="4.386"/>
  <testcase classname="com.test.ApplicationUnderTest" name="registerPatient" time="1.635"/>
  <testcase classname="com.test.ApplicationUnderTest" name="patientDetails" time="4.888"/>
  <testcase classname="com.test.ApplicationUnderTest" name="startVisit" time="33.399"/>
  <testcase classname="com.test.ApplicationUnderTest" name="captureVitals" time="16.461"/>
  <testcase classname="com.test.ApplicationUnderTest" name="mergeVisit" time="5.14"/>
  <testcase classname="com.test.ApplicationUnderTest" name="pastVisit" time="0.406"/>
  <testcase classname="com.test.ApplicationUnderTest" name="deletePatient" time="0.287"/>
</testsuite> <!-- Default test -->
