<?xml version="1.0" encoding="UTF-8"?>
<!-- Generated by org.testng.reporters.JUnitXMLReporter -->
<testsuite ignored="0" hostname="Sanjai" failures="0" tests="9" name="Default test" time="102.346" errors="0" timestamp="2023-10-27T01:46:44 IST">
  <testcase classname="com.test.ApplicationUnderTest" name="login" time="3.277"/>
  <testcase classname="com.test.ApplicationUnderTest" name="dashboard" time="12.634"/>
  <testcase classname="com.test.ApplicationUnderTest" name="registerPatient" time="1.455"/>
  <testcase classname="com.test.ApplicationUnderTest" name="patientDetails" time="6.982"/>
  <testcase classname="com.test.ApplicationUnderTest" name="startVisit" time="38.765"/>
  <testcase classname="com.test.ApplicationUnderTest" name="captureVitals" time="17.83"/>
  <testcase classname="com.test.ApplicationUnderTest" name="mergeVisit" time="4.515"/>
  <testcase classname="com.test.ApplicationUnderTest" name="pastVisit" time="0.364"/>
  <testcase classname="com.test.ApplicationUnderTest" name="deletePatient" time="0.268"/>
</testsuite> <!-- Default test -->
